[debug] [2023-10-13T17:58:19.466Z] ----------------------------------------------------------------------
[debug] [2023-10-13T17:58:19.469Z] Command:       C:\Program Files\nodejs\node.exe C:\Users\JOSE\AppData\Roaming\npm\node_modules\firebase-tools\lib\bin\firebase.js init
[debug] [2023-10-13T17:58:19.469Z] CLI Version:   12.7.0
[debug] [2023-10-13T17:58:19.470Z] Platform:      win32
[debug] [2023-10-13T17:58:19.470Z] Node Version:  v19.9.0
[debug] [2023-10-13T17:58:19.470Z] Time:          Fri Oct 13 2023 13:58:19 GMT-0400 (hora de Bolivia)
[debug] [2023-10-13T17:58:19.470Z] ----------------------------------------------------------------------
[debug] 
[debug] [2023-10-13T17:58:19.473Z] >>> [apiv2][query] GET https://firebase-public.firebaseio.com/cli.json [none]
[debug] [2023-10-13T17:58:19.518Z] > command requires scopes: ["email","openid","https://www.googleapis.com/auth/cloudplatformprojects.readonly","https://www.googleapis.com/auth/firebase","https://www.googleapis.com/auth/cloud-platform"]
[debug] [2023-10-13T17:58:19.519Z] > authorizing via signed-in user (jose.condori.r@ucb.edu.bo)
[info] 
     ######## #### ########  ######## ########     ###     ######  ########
     ##        ##  ##     ## ##       ##     ##  ##   ##  ##       ##
     ######    ##  ########  ######   ########  #########  ######  ######
     ##        ##  ##    ##  ##       ##     ## ##     ##       ## ##
     ##       #### ##     ## ######## ########  ##     ##  ######  ########

You're about to initialize a Firebase project in this directory:

  D:\Modelado\PracticaDiagramWeb\ejemodelado

[debug] [2023-10-13T17:58:20.007Z] <<< [apiv2][status] GET https://firebase-public.firebaseio.com/cli.json 200
[debug] [2023-10-13T17:58:20.007Z] <<< [apiv2][body] GET https://firebase-public.firebaseio.com/cli.json {"cloudBuildErrorAfter":1594252800000,"cloudBuildWarnAfter":1590019200000,"defaultNode10After":1594252800000,"minVersion":"3.0.5","node8DeploysDisabledAfter":1613390400000,"node8RuntimeDisabledAfter":1615809600000,"node8WarnAfter":1600128000000}
